<?xml version="1.0" encoding="UTF-8"?>
<testsuite xmlns:xsi="http://www.w3.org/2001/XMLSchema-instance" xsi:noNamespaceSchemaLocation="https://maven.apache.org/surefire/maven-surefire-plugin/xsd/surefire-test-report.xsd" name="ExceptionTests" time="0.631" tests="5" errors="0" skipped="0" failures="0">
  <properties>
[...]
</properties>
  <testcase name="moreThenFourElementsInputString" classname="ExceptionTests" time="0.61"/>
  <testcase name="lessThanFourElementsInputString" classname="ExceptionTests" time="0.002"/>
  <testcase name="insertCorrectData" classname="ExceptionTests" time="0.006"/>
  <testcase name="wrongEmailFormatWithoutAt" classname="ExceptionTests" time="0.003"/>
  <testcase name="wrongPhoneFormatWithoutDigits" classname="ExceptionTests" time="0.002"/>
</testsuite>